<?xml version="1.0" encoding="UTF-8"?>
<!-- Generated by org.testng.reporters.JUnitReportReporter -->
<testsuite skipped="0" hostname="DESKTOP-RGPH0JP" name="test.AddCustomerTest" tests="1" failures="0" timestamp="09 Mar 2021 01:06:02 GMT" time="19.032" errors="0">
  <testcase name="validUserShouldBeAbleToAddCustomer" time="19.032" classname="test.AddCustomerTest"/>
</testsuite> <!-- test.AddCustomerTest -->
